0 info it worked if it ends with ok
1 verbose cli [ '/usr/local/bin/node', '/usr/local/bin/npm', 'run', 'start' ]
2 info using npm@3.9.0
3 info using node@v6.0.0
4 verbose run-script [ 'prestart', 'start', 'poststart' ]
5 info lifecycle nibblr@1.0.0~prestart: nibblr@1.0.0
6 silly lifecycle nibblr@1.0.0~prestart: no script for prestart, continuing
7 info lifecycle nibblr@1.0.0~start: nibblr@1.0.0
8 verbose lifecycle nibblr@1.0.0~start: unsafe-perm in lifecycle true
9 verbose lifecycle nibblr@1.0.0~start: PATH: /usr/local/lib/node_modules/npm/bin/node-gyp-bin:/home/thom/dev/nibblr/node_modules/.bin:/usr/local/bin:/usr/local/sbin:/usr/local/bin:/usr/sbin:/usr/bin:/sbin:/bin:/usr/games:/usr/local/games
10 verbose lifecycle nibblr@1.0.0~start: CWD: /home/thom/dev/nibblr
11 silly lifecycle nibblr@1.0.0~start: Args: [ '-c', 'forever start index.js -e err.log' ]
12 info lifecycle nibblr@1.0.0~start: Failed to exec start script
13 verbose stack Error: nibblr@1.0.0 start: `forever start index.js -e err.log`
13 verbose stack spawn ENOENT
13 verbose stack     at ChildProcess.<anonymous> (/usr/local/lib/node_modules/npm/lib/utils/spawn.js:17:16)
13 verbose stack     at emitTwo (events.js:106:13)
13 verbose stack     at ChildProcess.emit (events.js:191:7)
13 verbose stack     at maybeClose (internal/child_process.js:850:16)
13 verbose stack     at Process.ChildProcess._handle.onexit (internal/child_process.js:215:5)
14 verbose pkgid nibblr@1.0.0
15 verbose cwd /home/thom/dev/nibblr
16 error Linux 3.13.0-29-generic
17 error argv "/usr/local/bin/node" "/usr/local/bin/npm" "run" "start"
18 error node v6.0.0
19 error npm  v3.9.0
20 error file sh
21 error code ELIFECYCLE
22 error errno ENOENT
23 error syscall spawn
24 error nibblr@1.0.0 start: `forever start index.js -e err.log`
24 error spawn ENOENT
25 error Failed at the nibblr@1.0.0 start script 'forever start index.js -e err.log'.
25 error Make sure you have the latest version of node.js and npm installed.
25 error If you do, this is most likely a problem with the nibblr package,
25 error not with npm itself.
25 error Tell the author that this fails on your system:
25 error     forever start index.js -e err.log
25 error You can get information on how to open an issue for this project with:
25 error     npm bugs nibblr
25 error Or if that isn't available, you can get their info via:
25 error     npm owner ls nibblr
25 error There is likely additional logging output above.
26 verbose exit [ 1, true ]
